<?xml version="1.0" encoding="UTF-8"?>
<testng-results skipped="0" failed="1" ignored="0" total="1" passed="0">
  <reporter-output>
  </reporter-output>
  <suite name="Default suite" duration-ms="19506" started-at="2019-06-22T07:43:36Z" finished-at="2019-06-22T07:43:55Z">
    <groups>
    </groups>
    <test name="Default test" duration-ms="19506" started-at="2019-06-22T07:43:36Z" finished-at="2019-06-22T07:43:55Z">
      <class name="org.test.MavenProjects.Employee">
        <test-method status="PASS" signature="beforeClass()[pri:0, instance:org.test.MavenProjects.Employee@1593948d]" name="beforeClass" is-config="true" duration-ms="18812" started-at="2019-06-22T13:13:36Z" finished-at="2019-06-22T13:13:55Z">
          <reporter-output>
          </reporter-output>
        </test-method> <!-- beforeClass -->
        <test-method status="FAIL" signature="test(java.lang.String, java.lang.String)[pri:0, instance:org.test.MavenProjects.Employee@1593948d]" name="test" duration-ms="0" started-at="2019-06-22T13:13:55Z" finished-at="2019-06-22T13:13:55Z">
          <exception class="org.testng.TestNGException">
            <message>
              <![CDATA[
Parameter 'username' is required by @Test on method test but has not been marked @Optional or defined
in C:\Users\admin\AppData\Local\Temp\testng-eclipse--948930685\testng-customsuite.xml]]>
            </message>
            <full-stacktrace>
              <![CDATA[org.testng.TestNGException: 
Parameter 'username' is required by @Test on method test but has not been marked @Optional or defined
in C:\Users\admin\AppData\Local\Temp\testng-eclipse--948930685\testng-customsuite.xml
	at org.testng.internal.Parameters.createParameters(Parameters.java:199)
	at org.testng.internal.Parameters.createParameters(Parameters.java:443)
	at org.testng.internal.Parameters.handleParameters(Parameters.java:569)
	at org.testng.internal.Invoker.handleParameters(Invoker.java:1308)
	at org.testng.internal.Invoker.createParameters(Invoker.java:1036)
	at org.testng.internal.Invoker.invokeTestMethods(Invoker.java:1126)
	at org.testng.internal.TestMethodWorker.invokeTestMethods(TestMethodWorker.java:126)
	at org.testng.internal.TestMethodWorker.run(TestMethodWorker.java:109)
	at org.testng.TestRunner.privateRun(TestRunner.java:744)
	at org.testng.TestRunner.run(TestRunner.java:602)
	at org.testng.SuiteRunner.runTest(SuiteRunner.java:380)
	at org.testng.SuiteRunner.runSequentially(SuiteRunner.java:375)
	at org.testng.SuiteRunner.privateRun(SuiteRunner.java:340)
	at org.testng.SuiteRunner.run(SuiteRunner.java:289)
	at org.testng.SuiteRunnerWorker.runSuite(SuiteRunnerWorker.java:52)
	at org.testng.SuiteRunnerWorker.run(SuiteRunnerWorker.java:86)
	at org.testng.TestNG.runSuitesSequentially(TestNG.java:1301)
	at org.testng.TestNG.runSuitesLocally(TestNG.java:1226)
	at org.testng.TestNG.runSuites(TestNG.java:1144)
	at org.testng.TestNG.run(TestNG.java:1115)
	at org.testng.remote.AbstractRemoteTestNG.run(AbstractRemoteTestNG.java:132)
	at org.testng.remote.RemoteTestNG.initAndRun(RemoteTestNG.java:236)
	at org.testng.remote.RemoteTestNG.main(RemoteTestNG.java:81)
]]>
            </full-stacktrace>
          </exception> <!-- org.testng.TestNGException -->
          <reporter-output>
          </reporter-output>
        </test-method> <!-- test -->
        <test-method status="PASS" signature="afterClass()[pri:0, instance:org.test.MavenProjects.Employee@1593948d]" name="afterClass" is-config="true" duration-ms="456" started-at="2019-06-22T13:13:55Z" finished-at="2019-06-22T13:13:55Z">
          <reporter-output>
          </reporter-output>
        </test-method> <!-- afterClass -->
      </class> <!-- org.test.MavenProjects.Employee -->
    </test> <!-- Default test -->
  </suite> <!-- Default suite -->
</testng-results>
